<?xml version="1.0" encoding="UTF-8"?>
<testsuite name="com.packtpublishing.tddjava.ch07bdd.Runner" tests="1" skipped="0" failures="0" errors="0" timestamp="2020-04-07T07:54:57" hostname="mikkita-TM1701" time="10.302">
  <properties/>
  <testcase name="run" classname="com.packtpublishing.tddjava.ch07bdd.Runner" time="10.302"/>
  <system-out><![CDATA[Processing system properties {}
Using controls EmbedderControls[batch=false,skip=false,generateViewAfterStories=true,ignoreFailureInStories=false,ignoreFailureInView=false,verboseFailures=false,verboseFiltering=false,storyTimeoutInSecs=300,failOnStoryTimeout=false,threads=1]

(BeforeStories)

Running story file:stories/administration.story

(file:stories/administration.story)
Narrative:
In order to manage the book store collection
As a store administrator
I want to be able to add, update and remove books
Scenario: Book details form should have all fields
Given user is on the books screen
Then field bookId exists
Then field bookTitle exists
Then field bookAuthor exists
Then field bookDescription exists

Scenario: User should be able to create a new book
Given user is on the books screen
When user clicks the button newBook
When user sets values to the book form
When user clicks the button saveBook
Then book is stored

Scenario: User should be able to display book details
Given user is on the books screen
When user selects a book
Then book form contains all data

Scenario: User should be able to update book details
Given user is on the books screen
When user selects a book
When user sets new values to the book form
Then book is updated

Scenario: User should be able to delete a book
Given user is on the books screen
When user selects a book
When user clicks the button deleteBook
Then book is removed



(AfterStories)

Generating reports view to '/home/mikkita/IdeaProjects/tdd-java-ch07-books-store/target/jbehave' using formats '[stats, console, html]' and view properties '{reports=ftl/jbehave-reports-with-totals.ftl, nonDecorated=ftl/jbehave-report-non-decorated.ftl, maps=ftl/jbehave-maps.ftl, navigator=ftl/jbehave-navigator.ftl, views=ftl/jbehave-views.ftl, decorated=ftl/jbehave-report-decorated.ftl}'
Reports view generated with 1 stories (of which 0 pending) containing 5 scenarios (of which 0 pending)
]]></system-out>
  <system-err><![CDATA[1586246098721	mozrunner::runner	INFO	Running command: "/usr/lib/firefox/firefox" "-marionette" "-foreground" "-no-remote" "-profile" "/tmp/rust_mozprofileWWpcq3"
1586246099129	addons.webextension.doh-rollout@mozilla.org	WARN	Loading extension 'doh-rollout@mozilla.org': Reading manifest: Invalid extension permission: networkStatus
1586246099550	addons.webextension.screenshots@mozilla.org	WARN	Loading extension 'screenshots@mozilla.org': Reading manifest: Invalid extension permission: mozillaAddons
1586246099550	addons.webextension.screenshots@mozilla.org	WARN	Loading extension 'screenshots@mozilla.org': Reading manifest: Invalid extension permission: telemetry
1586246099551	addons.webextension.screenshots@mozilla.org	WARN	Loading extension 'screenshots@mozilla.org': Reading manifest: Invalid extension permission: resource://pdf.js/
1586246099551	addons.webextension.screenshots@mozilla.org	WARN	Loading extension 'screenshots@mozilla.org': Reading manifest: Invalid extension permission: about:reader*
1586246101957	Marionette	INFO	Listening on port 45259
1586246102030	Marionette	WARN	TLS certificate errors will be ignored for this session
апр. 07, 2020 10:55:02 AM org.openqa.selenium.remote.ProtocolHandshake createSession
INFO: Detected dialect: W3C
JavaScript error: resource://gre/modules/XULStore.jsm, line 66: Error: Can't find profile directory.
JavaScript error: resource://gre/modules/XULStore.jsm, line 66: Error: Can't find profile directory.
]]></system-err>
</testsuite>
